>>>>  A 0.25
>>>>  B 0.14375
>>>>  C 0.56875
>>>>  D 0.037500000000000006
>>>>  A 0.5209375
>>>>  B 0.14375
>>>>  C 0.29781250000000004
>>>>  D 0.037500000000000006
>>>>  A 0.290640625
>>>>  B 0.2588984375
>>>>  C 0.41296093750000007
>>>>  D 0.037500000000000006
>>>>  A 0.38851679687499996
>>>>  B 0.161022265625
>>>>  C 0.41296093749999996
>>>>  D 0.037500000000000006
>>>>  A 0.38851679687499996
>>>>  B 0.20261963864000002
>>>>  C 0.37136356439999996
>>>>  D 0.037500000000000006
>>>>  A 0.35315902974
>>>>  B 0.20261963864000002
>>>>  C 0.40672133145
>>>>  D 0.037500000000000006
>>>>  A 0.38321313169000004
>>>>  B 0.187592587665
>>>>  C 0.391694280475
>>>>  D 0.037500000000000006
>>>>  A 0.370440138425
>>>>  B 0.20036558093
>>>>  C 0.391694280475
>>>>  D 0.037500000000000006
>>>>  A 0.370440138425
>>>>  B 0.19493705882
>>>>  C 0.397122802585
>>>>  D 0.037500000000000006
>>>>  A 0.37505438221
>>>>  B 0.19493705882
>>>>  C 0.3925085588
>>>>  D 0.037500000000000006
"C"	0.3944696124
"D"	0.0375
"B"	0.1968981124
"A"	0.371132275
